{"/home/travis/build/dojot/backstage/src/config.js": {"path":"/home/travis/build/dojot/backstage/src/config.js","statementMap":{"0":{"start":{"line":1,"column":22},"end":{"line":6,"column":1}},"1":{"start":{"line":7,"column":15},"end":{"line":16,"column":1}},"2":{"start":{"line":18,"column":0},"end":{"line":18,"column":24}}},"fnMap":{},"branchMap":{"0":{"loc":{"start":{"line":2,"column":13},"end":{"line":2,"column":52}},"type":"binary-expr","locations":[{"start":{"line":2,"column":13},"end":{"line":2,"column":34}},{"start":{"line":2,"column":38},"end":{"line":2,"column":52}}],"line":2},"1":{"loc":{"start":{"line":3,"column":14},"end":{"line":3,"column":46}},"type":"binary-expr","locations":[{"start":{"line":3,"column":14},"end":{"line":3,"column":36}},{"start":{"line":3,"column":40},"end":{"line":3,"column":46}}],"line":3},"2":{"loc":{"start":{"line":4,"column":21},"end":{"line":4,"column":67}},"type":"binary-expr","locations":[{"start":{"line":4,"column":21},"end":{"line":4,"column":50}},{"start":{"line":4,"column":54},"end":{"line":4,"column":67}}],"line":4},"3":{"loc":{"start":{"line":5,"column":22},"end":{"line":5,"column":62}},"type":"binary-expr","locations":[{"start":{"line":5,"column":22},"end":{"line":5,"column":52}},{"start":{"line":5,"column":56},"end":{"line":5,"column":62}}],"line":5},"4":{"loc":{"start":{"line":8,"column":8},"end":{"line":8,"column":32}},"type":"binary-expr","locations":[{"start":{"line":8,"column":8},"end":{"line":8,"column":24}},{"start":{"line":8,"column":28},"end":{"line":8,"column":32}}],"line":8},"5":{"loc":{"start":{"line":9,"column":17},"end":{"line":9,"column":56}},"type":"binary-expr","locations":[{"start":{"line":9,"column":17},"end":{"line":9,"column":42}},{"start":{"line":9,"column":46},"end":{"line":9,"column":56}}],"line":9},"6":{"loc":{"start":{"line":10,"column":17},"end":{"line":10,"column":56}},"type":"binary-expr","locations":[{"start":{"line":10,"column":17},"end":{"line":10,"column":42}},{"start":{"line":10,"column":46},"end":{"line":10,"column":56}}],"line":10},"7":{"loc":{"start":{"line":11,"column":21},"end":{"line":11,"column":66}},"type":"binary-expr","locations":[{"start":{"line":11,"column":21},"end":{"line":11,"column":50}},{"start":{"line":11,"column":54},"end":{"line":11,"column":66}}],"line":11},"8":{"loc":{"start":{"line":12,"column":21},"end":{"line":12,"column":64}},"type":"binary-expr","locations":[{"start":{"line":12,"column":21},"end":{"line":12,"column":50}},{"start":{"line":12,"column":54},"end":{"line":12,"column":64}}],"line":12},"9":{"loc":{"start":{"line":13,"column":17},"end":{"line":13,"column":50}},"type":"binary-expr","locations":[{"start":{"line":13,"column":17},"end":{"line":13,"column":42}},{"start":{"line":13,"column":46},"end":{"line":13,"column":50}}],"line":13}},"s":{"0":3,"1":3,"2":3},"f":{},"b":{"0":[3,3],"1":[3,3],"2":[3,3],"3":[3,3],"4":[3,3],"5":[3,3],"6":[3,3],"7":[3,3],"8":[3,3],"9":[3,3]},"_coverageSchema":"332fd63041d2c1bcb487cc26dd0d5f7d97098a6c","hash":"d3cd6845ab7a96a63560b0a4bd4707a6f030bfc1"}
,"/home/travis/build/dojot/backstage/src/db/index.js": {"path":"/home/travis/build/dojot/backstage/src/db/index.js","statementMap":{"0":{"start":{"line":1,"column":17},"end":{"line":1,"column":30}},"1":{"start":{"line":2,"column":15},"end":{"line":2,"column":35}},"2":{"start":{"line":4,"column":13},"end":{"line":10,"column":2}},"3":{"start":{"line":12,"column":0},"end":{"line":12,"column":22}}},"fnMap":{},"branchMap":{},"s":{"0":1,"1":1,"2":1,"3":1},"f":{},"b":{},"_coverageSchema":"332fd63041d2c1bcb487cc26dd0d5f7d97098a6c","hash":"03f9dd99635231c869ff831cd90f5fde97cb2ebe"}
,"/home/travis/build/dojot/backstage/src/graphql/Schema.js": {"path":"/home/travis/build/dojot/backstage/src/graphql/Schema.js","statementMap":{"0":{"start":{"line":1,"column":33},"end":{"line":1,"column":57}},"1":{"start":{"line":2,"column":18},"end":{"line":2,"column":35}},"2":{"start":{"line":3,"column":23},"end":{"line":3,"column":51}},"3":{"start":{"line":4,"column":25},"end":{"line":4,"column":55}},"4":{"start":{"line":5,"column":26},"end":{"line":5,"column":57}},"5":{"start":{"line":8,"column":14},"end":{"line":16,"column":2}},"6":{"start":{"line":19,"column":17},"end":{"line":19,"column":67}},"7":{"start":{"line":20,"column":18},"end":{"line":20,"column":42}},"8":{"start":{"line":22,"column":25},"end":{"line":22,"column":70}},"9":{"start":{"line":24,"column":0},"end":{"line":24,"column":34}},"10":{"start":{"line":25,"column":0},"end":{"line":25,"column":35}}},"fnMap":{},"branchMap":{},"s":{"0":1,"1":1,"2":1,"3":1,"4":1,"5":1,"6":1,"7":1,"8":1,"9":1,"10":1},"f":{},"b":{},"_coverageSchema":"332fd63041d2c1bcb487cc26dd0d5f7d97098a6c","hash":"25522220fb5d3491ba0598780e0abd552cfa4ae8"}
,"/home/travis/build/dojot/backstage/src/graphql/auth/helpers/PermissionsHelper.js": {"path":"/home/travis/build/dojot/backstage/src/graphql/auth/helpers/PermissionsHelper.js","statementMap":{"0":{"start":{"line":1,"column":10},"end":{"line":1,"column":27}},"1":{"start":{"line":2,"column":27},"end":{"line":2,"column":54}},"2":{"start":{"line":11,"column":29},"end":{"line":11,"column":31}},"3":{"start":{"line":12,"column":35},"end":{"line":12,"column":65}},"4":{"start":{"line":13,"column":4},"end":{"line":20,"column":7}},"5":{"start":{"line":14,"column":6},"end":{"line":19,"column":7}},"6":{"start":{"line":15,"column":8},"end":{"line":18,"column":11}},"7":{"start":{"line":16,"column":56},"end":{"line":16,"column":99}},"8":{"start":{"line":21,"column":4},"end":{"line":21,"column":28}},"9":{"start":{"line":25,"column":36},"end":{"line":25,"column":81}},"10":{"start":{"line":26,"column":4},"end":{"line":26,"column":104}},"11":{"start":{"line":26,"column":51},"end":{"line":26,"column":99}},"12":{"start":{"line":35,"column":29},"end":{"line":35,"column":31}},"13":{"start":{"line":36,"column":4},"end":{"line":41,"column":7}},"14":{"start":{"line":37,"column":6},"end":{"line":40,"column":9}},"15":{"start":{"line":42,"column":4},"end":{"line":42,"column":28}},"16":{"start":{"line":47,"column":4},"end":{"line":47,"column":44}},"17":{"start":{"line":51,"column":4},"end":{"line":51,"column":51}},"18":{"start":{"line":55,"column":4},"end":{"line":55,"column":36}},"19":{"start":{"line":59,"column":0},"end":{"line":59,"column":35}}},"fnMap":{"0":{"name":"(anonymous_0)","decl":{"start":{"line":10,"column":2},"end":{"line":10,"column":3}},"loc":{"start":{"line":10,"column":51},"end":{"line":22,"column":3}},"line":10},"1":{"name":"(anonymous_1)","decl":{"start":{"line":13,"column":48},"end":{"line":13,"column":49}},"loc":{"start":{"line":13,"column":57},"end":{"line":20,"column":5}},"line":13},"2":{"name":"(anonymous_2)","decl":{"start":{"line":16,"column":51},"end":{"line":16,"column":52}},"loc":{"start":{"line":16,"column":56},"end":{"line":16,"column":99}},"line":16},"3":{"name":"(anonymous_3)","decl":{"start":{"line":24,"column":2},"end":{"line":24,"column":3}},"loc":{"start":{"line":24,"column":79},"end":{"line":27,"column":3}},"line":24},"4":{"name":"(anonymous_4)","decl":{"start":{"line":26,"column":46},"end":{"line":26,"column":47}},"loc":{"start":{"line":26,"column":51},"end":{"line":26,"column":99}},"line":26},"5":{"name":"(anonymous_5)","decl":{"start":{"line":33,"column":2},"end":{"line":33,"column":3}},"loc":{"start":{"line":33,"column":45},"end":{"line":43,"column":3}},"line":33},"6":{"name":"(anonymous_6)","decl":{"start":{"line":36,"column":44},"end":{"line":36,"column":45}},"loc":{"start":{"line":36,"column":53},"end":{"line":41,"column":5}},"line":36},"7":{"name":"(anonymous_7)","decl":{"start":{"line":46,"column":2},"end":{"line":46,"column":3}},"loc":{"start":{"line":46,"column":31},"end":{"line":48,"column":3}},"line":46},"8":{"name":"(anonymous_8)","decl":{"start":{"line":50,"column":2},"end":{"line":50,"column":3}},"loc":{"start":{"line":50,"column":38},"end":{"line":52,"column":3}},"line":50},"9":{"name":"(anonymous_9)","decl":{"start":{"line":54,"column":2},"end":{"line":54,"column":3}},"loc":{"start":{"line":54,"column":26},"end":{"line":56,"column":3}},"line":54}},"branchMap":{"0":{"loc":{"start":{"line":14,"column":6},"end":{"line":19,"column":7}},"type":"if","locations":[{"start":{"line":14,"column":6},"end":{"line":19,"column":7}},{"start":{"line":14,"column":6},"end":{"line":19,"column":7}}],"line":14},"1":{"loc":{"start":{"line":26,"column":51},"end":{"line":26,"column":99}},"type":"binary-expr","locations":[{"start":{"line":26,"column":51},"end":{"line":26,"column":70}},{"start":{"line":26,"column":74},"end":{"line":26,"column":99}}],"line":26}},"s":{"0":1,"1":1,"2":1,"3":1,"4":1,"5":2,"6":2,"7":3,"8":1,"9":0,"10":0,"11":0,"12":0,"13":0,"14":0,"15":0,"16":0,"17":0,"18":0,"19":1},"f":{"0":1,"1":2,"2":3,"3":0,"4":0,"5":0,"6":0,"7":0,"8":0,"9":0},"b":{"0":[2,0],"1":[0,0]},"_coverageSchema":"332fd63041d2c1bcb487cc26dd0d5f7d97098a6c","hash":"e5b15747ed51937b917fa64c0c98306cdf96fa1c"}
,"/home/travis/build/dojot/backstage/src/graphql/common/TypeDefs.js": {"path":"/home/travis/build/dojot/backstage/src/graphql/common/TypeDefs.js","statementMap":{"0":{"start":{"line":1,"column":17},"end":{"line":8,"column":2}},"1":{"start":{"line":10,"column":0},"end":{"line":10,"column":26}}},"fnMap":{},"branchMap":{},"s":{"0":1,"1":1},"f":{},"b":{},"_coverageSchema":"332fd63041d2c1bcb487cc26dd0d5f7d97098a6c","hash":"431e3f8720fdbda03a1f111d4602232d5417a279"}
,"/home/travis/build/dojot/backstage/src/graphql/template/Resolvers.js": {"path":"/home/travis/build/dojot/backstage/src/graphql/template/Resolvers.js","statementMap":{"0":{"start":{"line":1,"column":14},"end":{"line":1,"column":30}},"1":{"start":{"line":2,"column":13},"end":{"line":2,"column":43}},"2":{"start":{"line":3,"column":12},"end":{"line":3,"column":38}},"3":{"start":{"line":5,"column":15},"end":{"line":7,"column":1}},"4":{"start":{"line":8,"column":18},"end":{"line":10,"column":1}},"5":{"start":{"line":9,"column":2},"end":{"line":9,"column":23}},"6":{"start":{"line":11,"column":22},"end":{"line":11,"column":83}},"7":{"start":{"line":11,"column":39},"end":{"line":11,"column":83}},"8":{"start":{"line":13,"column":25},"end":{"line":13,"column":201}},"9":{"start":{"line":14,"column":29},"end":{"line":21,"column":1}},"10":{"start":{"line":15,"column":2},"end":{"line":19,"column":3}},"11":{"start":{"line":16,"column":4},"end":{"line":18,"column":5}},"12":{"start":{"line":16,"column":35},"end":{"line":16,"column":72}},"13":{"start":{"line":17,"column":6},"end":{"line":17,"column":18}},"14":{"start":{"line":20,"column":2},"end":{"line":20,"column":15}},"15":{"start":{"line":23,"column":18},"end":{"line":128,"column":1}},"16":{"start":{"line":33,"column":6},"end":{"line":33,"column":30}},"17":{"start":{"line":35,"column":37},"end":{"line":35,"column":91}},"18":{"start":{"line":36,"column":22},"end":{"line":36,"column":24}},"19":{"start":{"line":39,"column":8},"end":{"line":46,"column":11}},"20":{"start":{"line":40,"column":10},"end":{"line":44,"column":11}},"21":{"start":{"line":41,"column":28},"end":{"line":41,"column":32}},"22":{"start":{"line":42,"column":12},"end":{"line":42,"column":34}},"23":{"start":{"line":43,"column":12},"end":{"line":43,"column":27}},"24":{"start":{"line":45,"column":10},"end":{"line":45,"column":22}},"25":{"start":{"line":49,"column":6},"end":{"line":79,"column":7}},"26":{"start":{"line":50,"column":74},"end":{"line":50,"column":86}},"27":{"start":{"line":51,"column":8},"end":{"line":61,"column":9}},"28":{"start":{"line":52,"column":10},"end":{"line":58,"column":13}},"29":{"start":{"line":53,"column":12},"end":{"line":56,"column":13}},"30":{"start":{"line":54,"column":14},"end":{"line":54,"column":33}},"31":{"start":{"line":55,"column":14},"end":{"line":55,"column":27}},"32":{"start":{"line":57,"column":12},"end":{"line":57,"column":24}},"33":{"start":{"line":59,"column":10},"end":{"line":59,"column":42}},"34":{"start":{"line":60,"column":10},"end":{"line":60,"column":44}},"35":{"start":{"line":62,"column":8},"end":{"line":65,"column":9}},"36":{"start":{"line":63,"column":10},"end":{"line":63,"column":79}},"37":{"start":{"line":63,"column":51},"end":{"line":63,"column":77}},"38":{"start":{"line":64,"column":10},"end":{"line":64,"column":48}},"39":{"start":{"line":67,"column":8},"end":{"line":70,"column":9}},"40":{"start":{"line":68,"column":10},"end":{"line":68,"column":75}},"41":{"start":{"line":68,"column":47},"end":{"line":68,"column":73}},"42":{"start":{"line":69,"column":10},"end":{"line":69,"column":46}},"43":{"start":{"line":72,"column":8},"end":{"line":78,"column":10}},"44":{"start":{"line":80,"column":6},"end":{"line":80,"column":16}},"45":{"start":{"line":93,"column":6},"end":{"line":93,"column":30}},"46":{"start":{"line":94,"column":18},"end":{"line":94,"column":20}},"47":{"start":{"line":95,"column":23},"end":{"line":95,"column":25}},"48":{"start":{"line":96,"column":6},"end":{"line":122,"column":9}},"49":{"start":{"line":97,"column":24},"end":{"line":120,"column":10}},"50":{"start":{"line":98,"column":27},"end":{"line":98,"column":30}},"51":{"start":{"line":99,"column":28},"end":{"line":99,"column":32}},"52":{"start":{"line":102,"column":38},"end":{"line":102,"column":47}},"53":{"start":{"line":103,"column":10},"end":{"line":117,"column":11}},"54":{"start":{"line":104,"column":12},"end":{"line":112,"column":15}},"55":{"start":{"line":105,"column":14},"end":{"line":111,"column":15}},"56":{"start":{"line":106,"column":16},"end":{"line":110,"column":19}},"57":{"start":{"line":107,"column":18},"end":{"line":109,"column":19}},"58":{"start":{"line":108,"column":20},"end":{"line":108,"column":62}},"59":{"start":{"line":115,"column":37},"end":{"line":115,"column":89}},"60":{"start":{"line":116,"column":12},"end":{"line":116,"column":69}},"61":{"start":{"line":119,"column":10},"end":{"line":119,"column":23}},"62":{"start":{"line":121,"column":8},"end":{"line":121,"column":31}},"63":{"start":{"line":124,"column":6},"end":{"line":124,"column":34}},"64":{"start":{"line":125,"column":6},"end":{"line":125,"column":17}},"65":{"start":{"line":130,"column":0},"end":{"line":130,"column":27}}},"fnMap":{"0":{"name":"(anonymous_0)","decl":{"start":{"line":8,"column":18},"end":{"line":8,"column":19}},"loc":{"start":{"line":8,"column":29},"end":{"line":10,"column":1}},"line":8},"1":{"name":"(anonymous_1)","decl":{"start":{"line":11,"column":22},"end":{"line":11,"column":23}},"loc":{"start":{"line":11,"column":39},"end":{"line":11,"column":83}},"line":11},"2":{"name":"(anonymous_2)","decl":{"start":{"line":14,"column":29},"end":{"line":14,"column":30}},"loc":{"start":{"line":14,"column":39},"end":{"line":21,"column":1}},"line":14},"3":{"name":"(anonymous_3)","decl":{"start":{"line":16,"column":27},"end":{"line":16,"column":28}},"loc":{"start":{"line":16,"column":35},"end":{"line":16,"column":72}},"line":16},"4":{"name":"cleanNullMetadataToEmpty","decl":{"start":{"line":38,"column":15},"end":{"line":38,"column":39}},"loc":{"start":{"line":38,"column":47},"end":{"line":47,"column":7}},"line":38},"5":{"name":"(anonymous_5)","decl":{"start":{"line":39,"column":18},"end":{"line":39,"column":19}},"loc":{"start":{"line":39,"column":28},"end":{"line":46,"column":9}},"line":39},"6":{"name":"(anonymous_6)","decl":{"start":{"line":52,"column":31},"end":{"line":52,"column":32}},"loc":{"start":{"line":52,"column":41},"end":{"line":58,"column":11}},"line":52},"7":{"name":"(anonymous_7)","decl":{"start":{"line":63,"column":43},"end":{"line":63,"column":44}},"loc":{"start":{"line":63,"column":51},"end":{"line":63,"column":77}},"line":63},"8":{"name":"(anonymous_8)","decl":{"start":{"line":68,"column":39},"end":{"line":68,"column":40}},"loc":{"start":{"line":68,"column":47},"end":{"line":68,"column":73}},"line":68},"9":{"name":"(anonymous_9)","decl":{"start":{"line":96,"column":26},"end":{"line":96,"column":27}},"loc":{"start":{"line":96,"column":34},"end":{"line":122,"column":7}},"line":96},"10":{"name":"(anonymous_10)","decl":{"start":{"line":97,"column":78},"end":{"line":97,"column":79}},"loc":{"start":{"line":97,"column":87},"end":{"line":118,"column":9}},"line":97},"11":{"name":"(anonymous_11)","decl":{"start":{"line":104,"column":26},"end":{"line":104,"column":27}},"loc":{"start":{"line":104,"column":36},"end":{"line":112,"column":13}},"line":104},"12":{"name":"(anonymous_12)","decl":{"start":{"line":106,"column":38},"end":{"line":106,"column":39}},"loc":{"start":{"line":106,"column":48},"end":{"line":110,"column":17}},"line":106},"13":{"name":"(anonymous_13)","decl":{"start":{"line":118,"column":17},"end":{"line":118,"column":18}},"loc":{"start":{"line":118,"column":24},"end":{"line":120,"column":9}},"line":118}},"branchMap":{"0":{"loc":{"start":{"line":15,"column":2},"end":{"line":19,"column":3}},"type":"if","locations":[{"start":{"line":15,"column":2},"end":{"line":19,"column":3}},{"start":{"line":15,"column":2},"end":{"line":19,"column":3}}],"line":15},"1":{"loc":{"start":{"line":15,"column":6},"end":{"line":15,"column":47}},"type":"binary-expr","locations":[{"start":{"line":15,"column":6},"end":{"line":15,"column":19}},{"start":{"line":15,"column":23},"end":{"line":15,"column":47}}],"line":15},"2":{"loc":{"start":{"line":16,"column":4},"end":{"line":18,"column":5}},"type":"if","locations":[{"start":{"line":16,"column":4},"end":{"line":18,"column":5}},{"start":{"line":16,"column":4},"end":{"line":18,"column":5}}],"line":16},"3":{"loc":{"start":{"line":40,"column":10},"end":{"line":44,"column":11}},"type":"if","locations":[{"start":{"line":40,"column":10},"end":{"line":44,"column":11}},{"start":{"line":40,"column":10},"end":{"line":44,"column":11}}],"line":40},"4":{"loc":{"start":{"line":49,"column":6},"end":{"line":79,"column":7}},"type":"if","locations":[{"start":{"line":49,"column":6},"end":{"line":79,"column":7}},{"start":{"line":49,"column":6},"end":{"line":79,"column":7}}],"line":49},"5":{"loc":{"start":{"line":51,"column":8},"end":{"line":61,"column":9}},"type":"if","locations":[{"start":{"line":51,"column":8},"end":{"line":61,"column":9}},{"start":{"line":51,"column":8},"end":{"line":61,"column":9}}],"line":51},"6":{"loc":{"start":{"line":53,"column":12},"end":{"line":56,"column":13}},"type":"if","locations":[{"start":{"line":53,"column":12},"end":{"line":56,"column":13}},{"start":{"line":53,"column":12},"end":{"line":56,"column":13}}],"line":53},"7":{"loc":{"start":{"line":62,"column":8},"end":{"line":65,"column":9}},"type":"if","locations":[{"start":{"line":62,"column":8},"end":{"line":65,"column":9}},{"start":{"line":62,"column":8},"end":{"line":65,"column":9}}],"line":62},"8":{"loc":{"start":{"line":67,"column":8},"end":{"line":70,"column":9}},"type":"if","locations":[{"start":{"line":67,"column":8},"end":{"line":70,"column":9}},{"start":{"line":67,"column":8},"end":{"line":70,"column":9}}],"line":67},"9":{"loc":{"start":{"line":103,"column":10},"end":{"line":117,"column":11}},"type":"if","locations":[{"start":{"line":103,"column":10},"end":{"line":117,"column":11}},{"start":{"line":103,"column":10},"end":{"line":117,"column":11}}],"line":103},"10":{"loc":{"start":{"line":105,"column":14},"end":{"line":111,"column":15}},"type":"if","locations":[{"start":{"line":105,"column":14},"end":{"line":111,"column":15}},{"start":{"line":105,"column":14},"end":{"line":111,"column":15}}],"line":105},"11":{"loc":{"start":{"line":105,"column":18},"end":{"line":105,"column":59}},"type":"binary-expr","locations":[{"start":{"line":105,"column":18},"end":{"line":105,"column":31}},{"start":{"line":105,"column":35},"end":{"line":105,"column":59}}],"line":105},"12":{"loc":{"start":{"line":107,"column":18},"end":{"line":109,"column":19}},"type":"if","locations":[{"start":{"line":107,"column":18},"end":{"line":109,"column":19}},{"start":{"line":107,"column":18},"end":{"line":109,"column":19}}],"line":107}},"s":{"0":2,"1":2,"2":2,"3":2,"4":2,"5":4,"6":2,"7":8,"8":2,"9":2,"10":24,"11":24,"12":24,"13":24,"14":0,"15":2,"16":2,"17":2,"18":2,"19":8,"20":12,"21":0,"22":0,"23":0,"24":12,"25":2,"26":2,"27":2,"28":2,"29":12,"30":12,"31":12,"32":0,"33":2,"34":2,"35":2,"36":2,"37":0,"38":2,"39":2,"40":2,"41":12,"42":2,"43":2,"44":0,"45":2,"46":2,"47":2,"48":2,"49":6,"50":6,"51":6,"52":6,"53":6,"54":6,"55":26,"56":22,"57":22,"58":12,"59":6,"60":6,"61":0,"62":6,"63":2,"64":2,"65":2},"f":{"0":4,"1":8,"2":24,"3":24,"4":8,"5":12,"6":12,"7":0,"8":12,"9":6,"10":6,"11":26,"12":22,"13":0},"b":{"0":[24,0],"1":[24,24],"2":[24,0],"3":[0,12],"4":[2,0],"5":[2,0],"6":[12,0],"7":[2,0],"8":[2,0],"9":[6,0],"10":[22,4],"11":[26,22],"12":[12,10]},"_coverageSchema":"332fd63041d2c1bcb487cc26dd0d5f7d97098a6c","hash":"5580729f602184bd140254ba0407140ec6a154b1"}
,"/home/travis/build/dojot/backstage/src/graphql/template/TypeDefs.js": {"path":"/home/travis/build/dojot/backstage/src/graphql/template/TypeDefs.js","statementMap":{"0":{"start":{"line":1,"column":17},"end":{"line":54,"column":2}},"1":{"start":{"line":56,"column":0},"end":{"line":56,"column":26}}},"fnMap":{},"branchMap":{},"s":{"0":1,"1":1},"f":{},"b":{},"_coverageSchema":"332fd63041d2c1bcb487cc26dd0d5f7d97098a6c","hash":"0efc4b001ce6b21dcdb2708fefa70496555a17b5"}
,"/home/travis/build/dojot/backstage/src/graphql/utils/AxiosUtils.js": {"path":"/home/travis/build/dojot/backstage/src/graphql/utils/AxiosUtils.js","statementMap":{"0":{"start":{"line":1,"column":15},"end":{"line":1,"column":38}},"1":{"start":{"line":5,"column":4},"end":{"line":5,"column":17}},"2":{"start":{"line":9,"column":4},"end":{"line":9,"column":18}},"3":{"start":{"line":13,"column":4},"end":{"line":13,"column":20}},"4":{"start":{"line":17,"column":4},"end":{"line":21,"column":6}},"5":{"start":{"line":25,"column":0},"end":{"line":25,"column":28}}},"fnMap":{"0":{"name":"(anonymous_0)","decl":{"start":{"line":4,"column":2},"end":{"line":4,"column":3}},"loc":{"start":{"line":4,"column":19},"end":{"line":6,"column":3}},"line":4},"1":{"name":"(anonymous_1)","decl":{"start":{"line":8,"column":2},"end":{"line":8,"column":3}},"loc":{"start":{"line":8,"column":20},"end":{"line":10,"column":3}},"line":8},"2":{"name":"(anonymous_2)","decl":{"start":{"line":12,"column":2},"end":{"line":12,"column":3}},"loc":{"start":{"line":12,"column":22},"end":{"line":14,"column":3}},"line":12},"3":{"name":"(anonymous_3)","decl":{"start":{"line":16,"column":2},"end":{"line":16,"column":3}},"loc":{"start":{"line":16,"column":83},"end":{"line":22,"column":3}},"line":16}},"branchMap":{"0":{"loc":{"start":{"line":16,"column":42},"end":{"line":16,"column":81}},"type":"default-arg","locations":[{"start":{"line":16,"column":52},"end":{"line":16,"column":81}}],"line":16}},"s":{"0":2,"1":8,"2":0,"3":0,"4":8,"5":2},"f":{"0":8,"1":0,"2":0,"3":8},"b":{"0":[8]},"_coverageSchema":"332fd63041d2c1bcb487cc26dd0d5f7d97098a6c","hash":"9557a803035131c9f0c684c69828eee1ca7e2717"}
,"/home/travis/build/dojot/backstage/src/services/TemplatesService.js": {"path":"/home/travis/build/dojot/backstage/src/services/TemplatesService.js","statementMap":{"0":{"start":{"line":1,"column":11},"end":{"line":1,"column":27}},"1":{"start":{"line":3,"column":23},"end":{"line":33,"column":2}},"2":{"start":{"line":3,"column":39},"end":{"line":33,"column":2}},"3":{"start":{"line":4,"column":2},"end":{"line":32,"column":3}},"4":{"start":{"line":6,"column":4},"end":{"line":15,"column":5}},"5":{"start":{"line":7,"column":6},"end":{"line":10,"column":83}},"6":{"start":{"line":12,"column":6},"end":{"line":14,"column":83}},"7":{"start":{"line":17,"column":4},"end":{"line":29,"column":9}},"8":{"start":{"line":19,"column":23},"end":{"line":19,"column":25}},"9":{"start":{"line":20,"column":8},"end":{"line":24,"column":11}},"10":{"start":{"line":21,"column":10},"end":{"line":23,"column":88}},"11":{"start":{"line":25,"column":8},"end":{"line":25,"column":24}},"12":{"start":{"line":28,"column":8},"end":{"line":28,"column":20}},"13":{"start":{"line":31,"column":4},"end":{"line":31,"column":14}},"14":{"start":{"line":34,"column":0},"end":{"line":34,"column":36}}},"fnMap":{"0":{"name":"(anonymous_0)","decl":{"start":{"line":3,"column":23},"end":{"line":3,"column":24}},"loc":{"start":{"line":3,"column":39},"end":{"line":33,"column":2}},"line":3},"1":{"name":"(anonymous_1)","decl":{"start":{"line":3,"column":51},"end":{"line":3,"column":52}},"loc":{"start":{"line":3,"column":72},"end":{"line":33,"column":1}},"line":3},"2":{"name":"(anonymous_2)","decl":{"start":{"line":18,"column":12},"end":{"line":18,"column":13}},"loc":{"start":{"line":18,"column":22},"end":{"line":26,"column":7}},"line":18},"3":{"name":"(anonymous_3)","decl":{"start":{"line":20,"column":26},"end":{"line":20,"column":27}},"loc":{"start":{"line":20,"column":36},"end":{"line":24,"column":9}},"line":20},"4":{"name":"(anonymous_4)","decl":{"start":{"line":27,"column":13},"end":{"line":27,"column":14}},"loc":{"start":{"line":27,"column":22},"end":{"line":29,"column":7}},"line":27}},"branchMap":{"0":{"loc":{"start":{"line":6,"column":4},"end":{"line":15,"column":5}},"type":"if","locations":[{"start":{"line":6,"column":4},"end":{"line":15,"column":5}},{"start":{"line":6,"column":4},"end":{"line":15,"column":5}}],"line":6},"1":{"loc":{"start":{"line":21,"column":37},"end":{"line":23,"column":87}},"type":"cond-expr","locations":[{"start":{"line":22,"column":14},"end":{"line":22,"column":56}},{"start":{"line":23,"column":14},"end":{"line":23,"column":87}}],"line":21}},"s":{"0":1,"1":1,"2":4,"3":4,"4":4,"5":1,"6":3,"7":4,"8":2,"9":2,"10":18,"11":2,"12":1,"13":1,"14":1},"f":{"0":4,"1":4,"2":2,"3":18,"4":1},"b":{"0":[1,3],"1":[2,16]},"_coverageSchema":"332fd63041d2c1bcb487cc26dd0d5f7d97098a6c","hash":"afee3ecd7306258d808628ceee0b99f3ada7ff31"}
,"/home/travis/build/dojot/backstage/src/tests/apiMock/template.js": {"path":"/home/travis/build/dojot/backstage/src/tests/apiMock/template.js","statementMap":{"0":{"start":{"line":1,"column":20},"end":{"line":68,"column":1}},"1":{"start":{"line":70,"column":20},"end":{"line":257,"column":1}},"2":{"start":{"line":259,"column":20},"end":{"line":508,"column":1}},"3":{"start":{"line":510,"column":0},"end":{"line":510,"column":59}}},"fnMap":{},"branchMap":{},"s":{"0":2,"1":2,"2":2,"3":2},"f":{},"b":{},"_coverageSchema":"332fd63041d2c1bcb487cc26dd0d5f7d97098a6c","hash":"0c727eab0618bc092354487fd02539f7d890c884"}
,"/home/travis/build/dojot/backstage/src/tests/graphql/test-cases/template/GetTemplate.js": {"path":"/home/travis/build/dojot/backstage/src/tests/graphql/test-cases/template/GetTemplate.js","statementMap":{"0":{"start":{"line":1,"column":14},"end":{"line":1,"column":30}},"1":{"start":{"line":2,"column":24},"end":{"line":2,"column":60}},"2":{"start":{"line":4,"column":24},"end":{"line":226,"column":1}},"3":{"start":{"line":224,"column":4},"end":{"line":224,"column":79}},"4":{"start":{"line":224,"column":39},"end":{"line":224,"column":77}},"5":{"start":{"line":228,"column":0},"end":{"line":228,"column":33}}},"fnMap":{"0":{"name":"(anonymous_0)","decl":{"start":{"line":224,"column":33},"end":{"line":224,"column":34}},"loc":{"start":{"line":224,"column":39},"end":{"line":224,"column":77}},"line":224}},"branchMap":{},"s":{"0":1,"1":1,"2":1,"3":1,"4":1,"5":1},"f":{"0":1},"b":{},"_coverageSchema":"332fd63041d2c1bcb487cc26dd0d5f7d97098a6c","hash":"cb5216593accdf05e4c9bb8a499413f980578547"}
,"/home/travis/build/dojot/backstage/src/tests/graphql/test-cases/template/TemplatesHasImageFirmware.js": {"path":"/home/travis/build/dojot/backstage/src/tests/graphql/test-cases/template/TemplatesHasImageFirmware.js","statementMap":{"0":{"start":{"line":1,"column":14},"end":{"line":1,"column":30}},"1":{"start":{"line":2,"column":50},"end":{"line":2,"column":86}},"2":{"start":{"line":4,"column":38},"end":{"line":39,"column":1}},"3":{"start":{"line":35,"column":4},"end":{"line":37,"column":76}},"4":{"start":{"line":35,"column":39},"end":{"line":35,"column":77}},"5":{"start":{"line":36,"column":36},"end":{"line":36,"column":74}},"6":{"start":{"line":37,"column":36},"end":{"line":37,"column":74}},"7":{"start":{"line":41,"column":0},"end":{"line":41,"column":47}}},"fnMap":{"0":{"name":"(anonymous_0)","decl":{"start":{"line":35,"column":33},"end":{"line":35,"column":34}},"loc":{"start":{"line":35,"column":39},"end":{"line":35,"column":77}},"line":35},"1":{"name":"(anonymous_1)","decl":{"start":{"line":36,"column":30},"end":{"line":36,"column":31}},"loc":{"start":{"line":36,"column":36},"end":{"line":36,"column":74}},"line":36},"2":{"name":"(anonymous_2)","decl":{"start":{"line":37,"column":30},"end":{"line":37,"column":31}},"loc":{"start":{"line":37,"column":36},"end":{"line":37,"column":74}},"line":37}},"branchMap":{},"s":{"0":1,"1":1,"2":1,"3":1,"4":1,"5":1,"6":1,"7":1},"f":{"0":1,"1":1,"2":1},"b":{},"_coverageSchema":"332fd63041d2c1bcb487cc26dd0d5f7d97098a6c","hash":"ffd77bf849a42cc9a376d613a1e47cdb07f1fd0e"}
,"/home/travis/build/dojot/backstage/src/utils/Log.js": {"path":"/home/travis/build/dojot/backstage/src/utils/Log.js","statementMap":{"0":{"start":{"line":1,"column":15},"end":{"line":1,"column":32}},"1":{"start":{"line":3,"column":0},"end":{"line":6,"column":3}},"2":{"start":{"line":7,"column":12},"end":{"line":7,"column":41}},"3":{"start":{"line":9,"column":0},"end":{"line":9,"column":21}}},"fnMap":{},"branchMap":{},"s":{"0":2,"1":2,"2":2,"3":2},"f":{},"b":{},"_coverageSchema":"332fd63041d2c1bcb487cc26dd0d5f7d97098a6c","hash":"244f0c853a5424a6d47fc8fb59f53864d4a9b5e2"}
}
