TN:
SF:/home/travis/build/dojot/backstage/src/config.js
FNF:0
FNH:0
DA:1,3
DA:7,3
DA:18,3
LF:3
LH:3
BRDA:2,0,0,3
BRDA:2,0,1,3
BRDA:3,1,0,3
BRDA:3,1,1,3
BRDA:4,2,0,3
BRDA:4,2,1,3
BRDA:5,3,0,3
BRDA:5,3,1,3
BRDA:8,4,0,3
BRDA:8,4,1,3
BRDA:9,5,0,3
BRDA:9,5,1,3
BRDA:10,6,0,3
BRDA:10,6,1,3
BRDA:11,7,0,3
BRDA:11,7,1,3
BRDA:12,8,0,3
BRDA:12,8,1,3
BRDA:13,9,0,3
BRDA:13,9,1,3
BRF:20
BRH:20
end_of_record
TN:
SF:/home/travis/build/dojot/backstage/src/db/index.js
FNF:0
FNH:0
DA:1,1
DA:2,1
DA:4,1
DA:12,1
LF:4
LH:4
BRF:0
BRH:0
end_of_record
TN:
SF:/home/travis/build/dojot/backstage/src/graphql/Schema.js
FNF:0
FNH:0
DA:1,1
DA:2,1
DA:3,1
DA:4,1
DA:5,1
DA:8,1
DA:19,1
DA:20,1
DA:22,1
DA:24,1
DA:25,1
LF:11
LH:11
BRF:0
BRH:0
end_of_record
TN:
SF:/home/travis/build/dojot/backstage/src/graphql/auth/helpers/PermissionsHelper.js
FN:10,(anonymous_0)
FN:13,(anonymous_1)
FN:16,(anonymous_2)
FN:24,(anonymous_3)
FN:26,(anonymous_4)
FN:33,(anonymous_5)
FN:36,(anonymous_6)
FN:46,(anonymous_7)
FN:50,(anonymous_8)
FN:54,(anonymous_9)
FNF:10
FNH:3
FNDA:1,(anonymous_0)
FNDA:2,(anonymous_1)
FNDA:3,(anonymous_2)
FNDA:0,(anonymous_3)
FNDA:0,(anonymous_4)
FNDA:0,(anonymous_5)
FNDA:0,(anonymous_6)
FNDA:0,(anonymous_7)
FNDA:0,(anonymous_8)
FNDA:0,(anonymous_9)
DA:1,1
DA:2,1
DA:11,1
DA:12,1
DA:13,1
DA:14,2
DA:15,2
DA:16,3
DA:21,1
DA:25,0
DA:26,0
DA:35,0
DA:36,0
DA:37,0
DA:42,0
DA:47,0
DA:51,0
DA:55,0
DA:59,1
LF:19
LH:10
BRDA:14,0,0,2
BRDA:14,0,1,0
BRDA:26,1,0,0
BRDA:26,1,1,0
BRF:4
BRH:1
end_of_record
TN:
SF:/home/travis/build/dojot/backstage/src/graphql/common/TypeDefs.js
FNF:0
FNH:0
DA:1,1
DA:10,1
LF:2
LH:2
BRF:0
BRH:0
end_of_record
TN:
SF:/home/travis/build/dojot/backstage/src/graphql/template/Resolvers.js
FN:8,(anonymous_0)
FN:11,(anonymous_1)
FN:14,(anonymous_2)
FN:16,(anonymous_3)
FN:38,cleanNullMetadataToEmpty
FN:39,(anonymous_5)
FN:52,(anonymous_6)
FN:63,(anonymous_7)
FN:68,(anonymous_8)
FN:96,(anonymous_9)
FN:97,(anonymous_10)
FN:104,(anonymous_11)
FN:106,(anonymous_12)
FN:118,(anonymous_13)
FNF:14
FNH:12
FNDA:4,(anonymous_0)
FNDA:8,(anonymous_1)
FNDA:24,(anonymous_2)
FNDA:24,(anonymous_3)
FNDA:8,cleanNullMetadataToEmpty
FNDA:12,(anonymous_5)
FNDA:12,(anonymous_6)
FNDA:0,(anonymous_7)
FNDA:12,(anonymous_8)
FNDA:6,(anonymous_9)
FNDA:6,(anonymous_10)
FNDA:26,(anonymous_11)
FNDA:22,(anonymous_12)
FNDA:0,(anonymous_13)
DA:1,2
DA:2,2
DA:3,2
DA:5,2
DA:8,2
DA:9,4
DA:11,8
DA:13,2
DA:14,2
DA:15,24
DA:16,24
DA:17,24
DA:20,0
DA:23,2
DA:33,2
DA:35,2
DA:36,2
DA:39,8
DA:40,12
DA:41,0
DA:42,0
DA:43,0
DA:45,12
DA:49,2
DA:50,2
DA:51,2
DA:52,2
DA:53,12
DA:54,12
DA:55,12
DA:57,0
DA:59,2
DA:60,2
DA:62,2
DA:63,2
DA:64,2
DA:67,2
DA:68,12
DA:69,2
DA:72,2
DA:80,0
DA:93,2
DA:94,2
DA:95,2
DA:96,2
DA:97,6
DA:98,6
DA:99,6
DA:102,6
DA:103,6
DA:104,6
DA:105,26
DA:106,22
DA:107,22
DA:108,12
DA:115,6
DA:116,6
DA:119,0
DA:121,6
DA:124,2
DA:125,2
DA:130,2
LF:62
LH:55
BRDA:15,0,0,24
BRDA:15,0,1,0
BRDA:15,1,0,24
BRDA:15,1,1,24
BRDA:16,2,0,24
BRDA:16,2,1,0
BRDA:40,3,0,0
BRDA:40,3,1,12
BRDA:49,4,0,2
BRDA:49,4,1,0
BRDA:51,5,0,2
BRDA:51,5,1,0
BRDA:53,6,0,12
BRDA:53,6,1,0
BRDA:62,7,0,2
BRDA:62,7,1,0
BRDA:67,8,0,2
BRDA:67,8,1,0
BRDA:103,9,0,6
BRDA:103,9,1,0
BRDA:105,10,0,22
BRDA:105,10,1,4
BRDA:105,11,0,26
BRDA:105,11,1,22
BRDA:107,12,0,12
BRDA:107,12,1,10
BRF:26
BRH:17
end_of_record
TN:
SF:/home/travis/build/dojot/backstage/src/graphql/template/TypeDefs.js
FNF:0
FNH:0
DA:1,1
DA:56,1
LF:2
LH:2
BRF:0
BRH:0
end_of_record
TN:
SF:/home/travis/build/dojot/backstage/src/graphql/utils/AxiosUtils.js
FN:4,(anonymous_0)
FN:8,(anonymous_1)
FN:12,(anonymous_2)
FN:16,(anonymous_3)
FNF:4
FNH:2
FNDA:8,(anonymous_0)
FNDA:0,(anonymous_1)
FNDA:0,(anonymous_2)
FNDA:8,(anonymous_3)
DA:1,2
DA:5,8
DA:9,0
DA:13,0
DA:17,8
DA:25,2
LF:6
LH:4
BRDA:16,0,0,8
BRF:1
BRH:1
end_of_record
TN:
SF:/home/travis/build/dojot/backstage/src/services/TemplatesService.js
FN:3,(anonymous_0)
FN:3,(anonymous_1)
FN:18,(anonymous_2)
FN:20,(anonymous_3)
FN:27,(anonymous_4)
FNF:5
FNH:5
FNDA:4,(anonymous_0)
FNDA:4,(anonymous_1)
FNDA:2,(anonymous_2)
FNDA:18,(anonymous_3)
FNDA:1,(anonymous_4)
DA:1,1
DA:3,4
DA:4,4
DA:6,4
DA:7,1
DA:12,3
DA:17,4
DA:19,2
DA:20,2
DA:21,18
DA:25,2
DA:28,1
DA:31,1
DA:34,1
LF:14
LH:14
BRDA:6,0,0,1
BRDA:6,0,1,3
BRDA:21,1,0,2
BRDA:21,1,1,16
BRF:4
BRH:4
end_of_record
TN:
SF:/home/travis/build/dojot/backstage/src/tests/apiMock/template.js
FNF:0
FNH:0
DA:1,2
DA:70,2
DA:259,2
DA:510,2
LF:4
LH:4
BRF:0
BRH:0
end_of_record
TN:
SF:/home/travis/build/dojot/backstage/src/tests/graphql/test-cases/template/GetTemplate.js
FN:224,(anonymous_0)
FNF:1
FNH:1
FNDA:1,(anonymous_0)
DA:1,1
DA:2,1
DA:4,1
DA:224,1
DA:228,1
LF:5
LH:5
BRF:0
BRH:0
end_of_record
TN:
SF:/home/travis/build/dojot/backstage/src/tests/graphql/test-cases/template/TemplatesHasImageFirmware.js
FN:35,(anonymous_0)
FN:36,(anonymous_1)
FN:37,(anonymous_2)
FNF:3
FNH:3
FNDA:1,(anonymous_0)
FNDA:1,(anonymous_1)
FNDA:1,(anonymous_2)
DA:1,1
DA:2,1
DA:4,1
DA:35,1
DA:36,1
DA:37,1
DA:41,1
LF:7
LH:7
BRF:0
BRH:0
end_of_record
TN:
SF:/home/travis/build/dojot/backstage/src/utils/Log.js
FNF:0
FNH:0
DA:1,2
DA:3,2
DA:7,2
DA:9,2
LF:4
LH:4
BRF:0
BRH:0
end_of_record
